<?xml version="1.0" encoding="UTF-8"?>
<testng-results ignored="0" total="1" passed="1" failed="0" skipped="0">
  <reporter-output>
  </reporter-output>
  <suite started-at="2023-01-28T16:48:46 IST" name="Default suite" finished-at="2023-01-28T16:49:02 IST" duration-ms="15869">
    <groups>
    </groups>
    <test started-at="2023-01-28T16:48:46 IST" name="Default test" finished-at="2023-01-28T16:49:02 IST" duration-ms="15869">
      <class name="swaglab_DDF_07.TestClassSample">
        <test-method signature="m1()[pri:0, instance:swaglab_DDF_07.TestClassSample@7ea9e1e2]" started-at="2023-01-28T16:48:46 IST" name="m1" finished-at="2023-01-28T16:49:02 IST" duration-ms="15817" status="PASS">
          <reporter-output>
          </reporter-output>
        </test-method> <!-- m1 -->
      </class> <!-- swaglab_DDF_07.TestClassSample -->
    </test> <!-- Default test -->
  </suite> <!-- Default suite -->
</testng-results>
